0 info it worked if it ends with ok
1 verbose cli [ '/usr/local/bin/node', '/usr/local/bin/npm', 'publish' ]
2 info using npm@2.14.12
3 info using node@v4.3.0
4 verbose publish [ '.' ]
5 silly cache add args [ '.', null ]
6 verbose cache add spec .
7 silly cache add parsed spec Result {
7 silly cache add   raw: '.',
7 silly cache add   scope: null,
7 silly cache add   name: null,
7 silly cache add   rawSpec: '.',
7 silly cache add   spec: '/Users/alex/Code/goo',
7 silly cache add   type: 'directory' }
8 verbose addLocalDirectory /Users/alex/.npm/node-goo/0.0.1/package.tgz not in flight; packing
9 verbose tar pack [ '/Users/alex/.npm/node-goo/0.0.1/package.tgz',
9 verbose tar pack   '/Users/alex/Code/goo' ]
10 verbose tarball /Users/alex/.npm/node-goo/0.0.1/package.tgz
11 verbose folder /Users/alex/Code/goo
12 info prepublish node-goo@0.0.1
13 verbose addLocalTarball adding from inside cache /Users/alex/.npm/node-goo/0.0.1/package.tgz
14 silly cache afterAdd node-goo@0.0.1
15 verbose afterAdd /Users/alex/.npm/node-goo/0.0.1/package/package.json not in flight; writing
16 verbose afterAdd /Users/alex/.npm/node-goo/0.0.1/package/package.json written
17 silly publish { name: 'node-goo',
17 silly publish   version: '0.0.1',
17 silly publish   description: 'A command line google/question answering utility',
17 silly publish   main: 'app.js',
17 silly publish   scripts: { test: 'npm test' },
17 silly publish   repository:
17 silly publish    { type: 'git',
17 silly publish      url: 'git+https://github.com/alexanderbanks/goo.git' },
17 silly publish   keywords:
17 silly publish    [ 'command',
17 silly publish      'line',
17 silly publish      'google',
17 silly publish      'stack',
17 silly publish      'overflow',
17 silly publish      'fun',
17 silly publish      'friendship',
17 silly publish      'alex' ],
17 silly publish   author: { name: 'Alex Banks, Matt Borowiec, Angela Riggs, Toby Craig, Michelle Udem' },
17 silly publish   license: 'MIT',
17 silly publish   bugs: { url: 'https://github.com/alexanderbanks/goo/issues' },
17 silly publish   homepage: 'https://github.com/alexanderbanks/goo#readme',
17 silly publish   dependencies:
17 silly publish    { chalk: '^1.1.3',
17 silly publish      cheerio: '^0.22.0',
17 silly publish      crypto: '0.0.3',
17 silly publish      'html-entities': '^1.2.0',
17 silly publish      q: '^1.4.1',
17 silly publish      request: '^2.74.0',
17 silly publish      url: '^0.11.0' },
17 silly publish   bin: { goo: 'app.js' },
17 silly publish   preferGlobal: true,
17 silly publish   readme: '# goo',
17 silly publish   readmeFilename: 'README.md',
17 silly publish   gitHead: '16c75dc1e3a98f2e7c2a24876a1897e0aed20edd',
17 silly publish   _id: 'node-goo@0.0.1',
17 silly publish   _shasum: 'c1fd02cb238dd824a9edfff6cc47b8d4ec02ae03',
17 silly publish   _from: '.' }
18 verbose getPublishConfig undefined
19 silly mapToRegistry name node-goo
20 silly mapToRegistry using default registry
21 silly mapToRegistry registry https://registry.npmjs.org/
22 silly mapToRegistry uri https://registry.npmjs.org/node-goo
23 verbose publish registryBase https://registry.npmjs.org/
24 silly publish uploading /Users/alex/.npm/node-goo/0.0.1/package.tgz
25 verbose request uri https://registry.npmjs.org/node-goo
26 verbose request sending authorization for write operation
27 info attempt registry request try #1 at 4:57:06 PM
28 verbose request using bearer token for auth
29 verbose request id 29da0b307426377f
30 http request PUT https://registry.npmjs.org/node-goo
31 http 403 https://registry.npmjs.org/node-goo
32 verbose headers { 'content-type': 'application/json',
32 verbose headers   'cache-control': 'max-age=300',
32 verbose headers   'content-length': '95',
32 verbose headers   'accept-ranges': 'bytes',
32 verbose headers   date: 'Thu, 08 Sep 2016 23:57:25 GMT',
32 verbose headers   via: '1.1 varnish',
32 verbose headers   connection: 'keep-alive',
32 verbose headers   'x-served-by': 'cache-sea1924-SEA',
32 verbose headers   'x-cache': 'MISS',
32 verbose headers   'x-cache-hits': '0',
32 verbose headers   'x-timer': 'S1473379044.967420,VS0,VE71',
32 verbose headers   vary: 'Accept-Encoding' }
33 verbose request invalidating /Users/alex/.npm/registry.npmjs.org/node-goo on PUT
34 error publish Failed PUT 403
35 verbose stack Error: "You cannot publish over the previously published version 0.0.1." : node-goo
35 verbose stack     at makeError (/usr/local/lib/node_modules/npm/node_modules/npm-registry-client/lib/request.js:264:12)
35 verbose stack     at CachingRegistryClient.<anonymous> (/usr/local/lib/node_modules/npm/node_modules/npm-registry-client/lib/request.js:252:14)
35 verbose stack     at Request._callback (/usr/local/lib/node_modules/npm/node_modules/npm-registry-client/lib/request.js:172:14)
35 verbose stack     at Request.self.callback (/usr/local/lib/node_modules/npm/node_modules/request/request.js:198:22)
35 verbose stack     at emitTwo (events.js:87:13)
35 verbose stack     at Request.emit (events.js:172:7)
35 verbose stack     at Request.<anonymous> (/usr/local/lib/node_modules/npm/node_modules/request/request.js:1082:10)
35 verbose stack     at emitOne (events.js:82:20)
35 verbose stack     at Request.emit (events.js:169:7)
35 verbose stack     at IncomingMessage.<anonymous> (/usr/local/lib/node_modules/npm/node_modules/request/request.js:1009:12)
36 verbose statusCode 403
37 verbose pkgid node-goo
38 verbose cwd /Users/alex/Code/goo
39 error Darwin 15.3.0
40 error argv "/usr/local/bin/node" "/usr/local/bin/npm" "publish"
41 error node v4.3.0
42 error npm  v2.14.12
43 error code E403
44 error "You cannot publish over the previously published version 0.0.1." : node-goo
45 error If you need help, you may report this error at:
45 error     <https://github.com/npm/npm/issues>
46 verbose exit [ 1, true ]
